The system is: Linux - 5.4.0-28-generic - x86_64
Compiling the C compiler identification source file "CMakeCCompilerId.c" succeeded.
Compiler: /usr/bin/clang 
Build flags: 
Id flags:  

The output was:
0


Compilation of the C compiler identification source "CMakeCCompilerId.c" produced "a.out"

The C compiler identification is Clang, found in "/home/andyvand/Downloads/libdispatch/CMakeFiles/3.16.3/CompilerIdC/a.out"

Compiling the CXX compiler identification source file "CMakeCXXCompilerId.cpp" succeeded.
Compiler: /usr/bin/clang++ 
Build flags: 
Id flags:  

The output was:
0


Compilation of the CXX compiler identification source "CMakeCXXCompilerId.cpp" produced "a.out"

The CXX compiler identification is Clang, found in "/home/andyvand/Downloads/libdispatch/CMakeFiles/3.16.3/CompilerIdCXX/a.out"

Determining if the C compiler works passed with the following output:
Change Dir: /home/andyvand/Downloads/libdispatch/CMakeFiles/CMakeTmp

Run Build Command(s):/usr/bin/make cmTC_08eea/fast && /usr/bin/make -f CMakeFiles/cmTC_08eea.dir/build.make CMakeFiles/cmTC_08eea.dir/build
make[1]: Entering directory '/home/andyvand/Downloads/libdispatch/CMakeFiles/CMakeTmp'
Building C object CMakeFiles/cmTC_08eea.dir/testCCompiler.c.o
/usr/bin/clang    -o CMakeFiles/cmTC_08eea.dir/testCCompiler.c.o   -c /home/andyvand/Downloads/libdispatch/CMakeFiles/CMakeTmp/testCCompiler.c
Linking C executable cmTC_08eea
/usr/bin/cmake -E cmake_link_script CMakeFiles/cmTC_08eea.dir/link.txt --verbose=1
/usr/bin/clang      -rdynamic CMakeFiles/cmTC_08eea.dir/testCCompiler.c.o  -o cmTC_08eea 
make[1]: Leaving directory '/home/andyvand/Downloads/libdispatch/CMakeFiles/CMakeTmp'



Detecting C compiler ABI info compiled with the following output:
Change Dir: /home/andyvand/Downloads/libdispatch/CMakeFiles/CMakeTmp

Run Build Command(s):/usr/bin/make cmTC_5df23/fast && /usr/bin/make -f CMakeFiles/cmTC_5df23.dir/build.make CMakeFiles/cmTC_5df23.dir/build
make[1]: Entering directory '/home/andyvand/Downloads/libdispatch/CMakeFiles/CMakeTmp'
Building C object CMakeFiles/cmTC_5df23.dir/CMakeCCompilerABI.c.o
/usr/bin/clang   -v -o CMakeFiles/cmTC_5df23.dir/CMakeCCompilerABI.c.o   -c /usr/share/cmake-3.16/Modules/CMakeCCompilerABI.c
clang version 10.0.0-4ubuntu1 
Target: x86_64-pc-linux-gnu
Thread model: posix
InstalledDir: /usr/bin
Found candidate GCC installation: /usr/bin/../lib/gcc/x86_64-linux-gnu/9
Found candidate GCC installation: /usr/lib/gcc/x86_64-linux-gnu/9
Selected GCC installation: /usr/bin/../lib/gcc/x86_64-linux-gnu/9
Candidate multilib: .;@m64
Selected multilib: .;@m64
 (in-process)
 "/usr/lib/llvm-10/bin/clang" -cc1 -triple x86_64-pc-linux-gnu -emit-obj -mrelax-all -disable-free -disable-llvm-verifier -discard-value-names -main-file-name CMakeCCompilerABI.c -mrelocation-model static -mthread-model posix -mframe-pointer=all -fmath-errno -fno-rounding-math -masm-verbose -mconstructor-aliases -munwind-tables -target-cpu x86-64 -dwarf-column-info -fno-split-dwarf-inlining -debugger-tuning=gdb -v -resource-dir /usr/lib/llvm-10/lib/clang/10.0.0 -internal-isystem /usr/local/include -internal-isystem /usr/lib/llvm-10/lib/clang/10.0.0/include -internal-externc-isystem /usr/include/x86_64-linux-gnu -internal-externc-isystem /include -internal-externc-isystem /usr/include -fdebug-compilation-dir /home/andyvand/Downloads/libdispatch/CMakeFiles/CMakeTmp -ferror-limit 19 -fmessage-length 0 -fgnuc-version=4.2.1 -fobjc-runtime=gcc -fdiagnostics-show-option -faddrsig -o CMakeFiles/cmTC_5df23.dir/CMakeCCompilerABI.c.o -x c /usr/share/cmake-3.16/Modules/CMakeCCompilerABI.c
clang -cc1 version 10.0.0 based upon LLVM 10.0.0 default target x86_64-pc-linux-gnu
ignoring nonexistent directory "/include"
#include "..." search starts here:
#include <...> search starts here:
 /usr/local/include
 /usr/lib/llvm-10/lib/clang/10.0.0/include
 /usr/include/x86_64-linux-gnu
 /usr/include
End of search list.
Linking C executable cmTC_5df23
/usr/bin/cmake -E cmake_link_script CMakeFiles/cmTC_5df23.dir/link.txt --verbose=1
/usr/bin/clang     -v -rdynamic CMakeFiles/cmTC_5df23.dir/CMakeCCompilerABI.c.o  -o cmTC_5df23 
clang version 10.0.0-4ubuntu1 
Target: x86_64-pc-linux-gnu
Thread model: posix
InstalledDir: /usr/bin
Found candidate GCC installation: /usr/bin/../lib/gcc/x86_64-linux-gnu/9
Found candidate GCC installation: /usr/lib/gcc/x86_64-linux-gnu/9
Selected GCC installation: /usr/bin/../lib/gcc/x86_64-linux-gnu/9
Candidate multilib: .;@m64
Selected multilib: .;@m64
 "/usr/bin/ld" -export-dynamic -z relro --hash-style=gnu --build-id --eh-frame-hdr -m elf_x86_64 -export-dynamic -dynamic-linker /lib64/ld-linux-x86-64.so.2 -o cmTC_5df23 /usr/bin/../lib/gcc/x86_64-linux-gnu/9/../../../x86_64-linux-gnu/crt1.o /usr/bin/../lib/gcc/x86_64-linux-gnu/9/../../../x86_64-linux-gnu/crti.o /usr/bin/../lib/gcc/x86_64-linux-gnu/9/crtbegin.o -L/usr/bin/../lib/gcc/x86_64-linux-gnu/9 -L/usr/bin/../lib/gcc/x86_64-linux-gnu/9/../../../x86_64-linux-gnu -L/usr/bin/../lib/gcc/x86_64-linux-gnu/9/../../../../lib64 -L/lib/x86_64-linux-gnu -L/lib/../lib64 -L/usr/lib/x86_64-linux-gnu -L/usr/lib/../lib64 -L/usr/lib/x86_64-linux-gnu/../../lib64 -L/usr/bin/../lib/gcc/x86_64-linux-gnu/9/../../.. -L/usr/lib/llvm-10/bin/../lib -L/lib -L/usr/lib CMakeFiles/cmTC_5df23.dir/CMakeCCompilerABI.c.o -lgcc --as-needed -lgcc_s --no-as-needed -lc -lgcc --as-needed -lgcc_s --no-as-needed /usr/bin/../lib/gcc/x86_64-linux-gnu/9/crtend.o /usr/bin/../lib/gcc/x86_64-linux-gnu/9/../../../x86_64-linux-gnu/crtn.o
make[1]: Leaving directory '/home/andyvand/Downloads/libdispatch/CMakeFiles/CMakeTmp'



Parsed C implicit include dir info from above output: rv=done
  found start of include info
  found start of implicit include info
    add: [/usr/local/include]
    add: [/usr/lib/llvm-10/lib/clang/10.0.0/include]
    add: [/usr/include/x86_64-linux-gnu]
    add: [/usr/include]
  end of search list found
  collapse include dir [/usr/local/include] ==> [/usr/local/include]
  collapse include dir [/usr/lib/llvm-10/lib/clang/10.0.0/include] ==> [/usr/lib/llvm-10/lib/clang/10.0.0/include]
  collapse include dir [/usr/include/x86_64-linux-gnu] ==> [/usr/include/x86_64-linux-gnu]
  collapse include dir [/usr/include] ==> [/usr/include]
  implicit include dirs: [/usr/local/include;/usr/lib/llvm-10/lib/clang/10.0.0/include;/usr/include/x86_64-linux-gnu;/usr/include]


Parsed C implicit link information from above output:
  link line regex: [^( *|.*[/\])(ld|CMAKE_LINK_STARTFILE-NOTFOUND|([^/\]+-)?ld|collect2)[^/\]*( |$)]
  ignore line: [Change Dir: /home/andyvand/Downloads/libdispatch/CMakeFiles/CMakeTmp]
  ignore line: []
  ignore line: [Run Build Command(s):/usr/bin/make cmTC_5df23/fast && /usr/bin/make -f CMakeFiles/cmTC_5df23.dir/build.make CMakeFiles/cmTC_5df23.dir/build]
  ignore line: [make[1]: Entering directory '/home/andyvand/Downloads/libdispatch/CMakeFiles/CMakeTmp']
  ignore line: [Building C object CMakeFiles/cmTC_5df23.dir/CMakeCCompilerABI.c.o]
  ignore line: [/usr/bin/clang   -v -o CMakeFiles/cmTC_5df23.dir/CMakeCCompilerABI.c.o   -c /usr/share/cmake-3.16/Modules/CMakeCCompilerABI.c]
  ignore line: [clang version 10.0.0-4ubuntu1 ]
  ignore line: [Target: x86_64-pc-linux-gnu]
  ignore line: [Thread model: posix]
  ignore line: [InstalledDir: /usr/bin]
  ignore line: [Found candidate GCC installation: /usr/bin/../lib/gcc/x86_64-linux-gnu/9]
  ignore line: [Found candidate GCC installation: /usr/lib/gcc/x86_64-linux-gnu/9]
  ignore line: [Selected GCC installation: /usr/bin/../lib/gcc/x86_64-linux-gnu/9]
  ignore line: [Candidate multilib: .]
  ignore line: [@m64]
  ignore line: [Selected multilib: .]
  ignore line: [@m64]
  ignore line: [ (in-process)]
  ignore line: [ "/usr/lib/llvm-10/bin/clang" -cc1 -triple x86_64-pc-linux-gnu -emit-obj -mrelax-all -disable-free -disable-llvm-verifier -discard-value-names -main-file-name CMakeCCompilerABI.c -mrelocation-model static -mthread-model posix -mframe-pointer=all -fmath-errno -fno-rounding-math -masm-verbose -mconstructor-aliases -munwind-tables -target-cpu x86-64 -dwarf-column-info -fno-split-dwarf-inlining -debugger-tuning=gdb -v -resource-dir /usr/lib/llvm-10/lib/clang/10.0.0 -internal-isystem /usr/local/include -internal-isystem /usr/lib/llvm-10/lib/clang/10.0.0/include -internal-externc-isystem /usr/include/x86_64-linux-gnu -internal-externc-isystem /include -internal-externc-isystem /usr/include -fdebug-compilation-dir /home/andyvand/Downloads/libdispatch/CMakeFiles/CMakeTmp -ferror-limit 19 -fmessage-length 0 -fgnuc-version=4.2.1 -fobjc-runtime=gcc -fdiagnostics-show-option -faddrsig -o CMakeFiles/cmTC_5df23.dir/CMakeCCompilerABI.c.o -x c /usr/share/cmake-3.16/Modules/CMakeCCompilerABI.c]
  ignore line: [clang -cc1 version 10.0.0 based upon LLVM 10.0.0 default target x86_64-pc-linux-gnu]
  ignore line: [ignoring nonexistent directory "/include"]
  ignore line: [#include "..." search starts here:]
  ignore line: [#include <...> search starts here:]
  ignore line: [ /usr/local/include]
  ignore line: [ /usr/lib/llvm-10/lib/clang/10.0.0/include]
  ignore line: [ /usr/include/x86_64-linux-gnu]
  ignore line: [ /usr/include]
  ignore line: [End of search list.]
  ignore line: [Linking C executable cmTC_5df23]
  ignore line: [/usr/bin/cmake -E cmake_link_script CMakeFiles/cmTC_5df23.dir/link.txt --verbose=1]
  ignore line: [/usr/bin/clang     -v -rdynamic CMakeFiles/cmTC_5df23.dir/CMakeCCompilerABI.c.o  -o cmTC_5df23 ]
  ignore line: [clang version 10.0.0-4ubuntu1 ]
  ignore line: [Target: x86_64-pc-linux-gnu]
  ignore line: [Thread model: posix]
  ignore line: [InstalledDir: /usr/bin]
  ignore line: [Found candidate GCC installation: /usr/bin/../lib/gcc/x86_64-linux-gnu/9]
  ignore line: [Found candidate GCC installation: /usr/lib/gcc/x86_64-linux-gnu/9]
  ignore line: [Selected GCC installation: /usr/bin/../lib/gcc/x86_64-linux-gnu/9]
  ignore line: [Candidate multilib: .]
  ignore line: [@m64]
  ignore line: [Selected multilib: .]
  ignore line: [@m64]
  link line: [ "/usr/bin/ld" -export-dynamic -z relro --hash-style=gnu --build-id --eh-frame-hdr -m elf_x86_64 -export-dynamic -dynamic-linker /lib64/ld-linux-x86-64.so.2 -o cmTC_5df23 /usr/bin/../lib/gcc/x86_64-linux-gnu/9/../../../x86_64-linux-gnu/crt1.o /usr/bin/../lib/gcc/x86_64-linux-gnu/9/../../../x86_64-linux-gnu/crti.o /usr/bin/../lib/gcc/x86_64-linux-gnu/9/crtbegin.o -L/usr/bin/../lib/gcc/x86_64-linux-gnu/9 -L/usr/bin/../lib/gcc/x86_64-linux-gnu/9/../../../x86_64-linux-gnu -L/usr/bin/../lib/gcc/x86_64-linux-gnu/9/../../../../lib64 -L/lib/x86_64-linux-gnu -L/lib/../lib64 -L/usr/lib/x86_64-linux-gnu -L/usr/lib/../lib64 -L/usr/lib/x86_64-linux-gnu/../../lib64 -L/usr/bin/../lib/gcc/x86_64-linux-gnu/9/../../.. -L/usr/lib/llvm-10/bin/../lib -L/lib -L/usr/lib CMakeFiles/cmTC_5df23.dir/CMakeCCompilerABI.c.o -lgcc --as-needed -lgcc_s --no-as-needed -lc -lgcc --as-needed -lgcc_s --no-as-needed /usr/bin/../lib/gcc/x86_64-linux-gnu/9/crtend.o /usr/bin/../lib/gcc/x86_64-linux-gnu/9/../../../x86_64-linux-gnu/crtn.o]
    arg [/usr/bin/ld] ==> ignore
    arg [-export-dynamic] ==> ignore
    arg [-zrelro] ==> ignore
    arg [--hash-style=gnu] ==> ignore
    arg [--build-id] ==> ignore
    arg [--eh-frame-hdr] ==> ignore
    arg [-m] ==> ignore
    arg [elf_x86_64] ==> ignore
    arg [-export-dynamic] ==> ignore
    arg [-dynamic-linker] ==> ignore
    arg [/lib64/ld-linux-x86-64.so.2] ==> ignore
    arg [-o] ==> ignore
    arg [cmTC_5df23] ==> ignore
    arg [/usr/bin/../lib/gcc/x86_64-linux-gnu/9/../../../x86_64-linux-gnu/crt1.o] ==> ignore
    arg [/usr/bin/../lib/gcc/x86_64-linux-gnu/9/../../../x86_64-linux-gnu/crti.o] ==> ignore
    arg [/usr/bin/../lib/gcc/x86_64-linux-gnu/9/crtbegin.o] ==> ignore
    arg [-L/usr/bin/../lib/gcc/x86_64-linux-gnu/9] ==> dir [/usr/bin/../lib/gcc/x86_64-linux-gnu/9]
    arg [-L/usr/bin/../lib/gcc/x86_64-linux-gnu/9/../../../x86_64-linux-gnu] ==> dir [/usr/bin/../lib/gcc/x86_64-linux-gnu/9/../../../x86_64-linux-gnu]
    arg [-L/usr/bin/../lib/gcc/x86_64-linux-gnu/9/../../../../lib64] ==> dir [/usr/bin/../lib/gcc/x86_64-linux-gnu/9/../../../../lib64]
    arg [-L/lib/x86_64-linux-gnu] ==> dir [/lib/x86_64-linux-gnu]
    arg [-L/lib/../lib64] ==> dir [/lib/../lib64]
    arg [-L/usr/lib/x86_64-linux-gnu] ==> dir [/usr/lib/x86_64-linux-gnu]
    arg [-L/usr/lib/../lib64] ==> dir [/usr/lib/../lib64]
    arg [-L/usr/lib/x86_64-linux-gnu/../../lib64] ==> dir [/usr/lib/x86_64-linux-gnu/../../lib64]
    arg [-L/usr/bin/../lib/gcc/x86_64-linux-gnu/9/../../..] ==> dir [/usr/bin/../lib/gcc/x86_64-linux-gnu/9/../../..]
    arg [-L/usr/lib/llvm-10/bin/../lib] ==> dir [/usr/lib/llvm-10/bin/../lib]
    arg [-L/lib] ==> dir [/lib]
    arg [-L/usr/lib] ==> dir [/usr/lib]
    arg [CMakeFiles/cmTC_5df23.dir/CMakeCCompilerABI.c.o] ==> ignore
    arg [-lgcc] ==> lib [gcc]
    arg [--as-needed] ==> ignore
    arg [-lgcc_s] ==> lib [gcc_s]
    arg [--no-as-needed] ==> ignore
    arg [-lc] ==> lib [c]
    arg [-lgcc] ==> lib [gcc]
    arg [--as-needed] ==> ignore
    arg [-lgcc_s] ==> lib [gcc_s]
    arg [--no-as-needed] ==> ignore
    arg [/usr/bin/../lib/gcc/x86_64-linux-gnu/9/crtend.o] ==> ignore
    arg [/usr/bin/../lib/gcc/x86_64-linux-gnu/9/../../../x86_64-linux-gnu/crtn.o] ==> ignore
  collapse library dir [/usr/bin/../lib/gcc/x86_64-linux-gnu/9] ==> [/usr/lib/gcc/x86_64-linux-gnu/9]
  collapse library dir [/usr/bin/../lib/gcc/x86_64-linux-gnu/9/../../../x86_64-linux-gnu] ==> [/usr/lib/x86_64-linux-gnu]
  collapse library dir [/usr/bin/../lib/gcc/x86_64-linux-gnu/9/../../../../lib64] ==> [/usr/lib64]
  collapse library dir [/lib/x86_64-linux-gnu] ==> [/lib/x86_64-linux-gnu]
  collapse library dir [/lib/../lib64] ==> [/lib64]
  collapse library dir [/usr/lib/x86_64-linux-gnu] ==> [/usr/lib/x86_64-linux-gnu]
  collapse library dir [/usr/lib/../lib64] ==> [/usr/lib64]
  collapse library dir [/usr/lib/x86_64-linux-gnu/../../lib64] ==> [/usr/lib64]
  collapse library dir [/usr/bin/../lib/gcc/x86_64-linux-gnu/9/../../..] ==> [/usr/lib]
  collapse library dir [/usr/lib/llvm-10/bin/../lib] ==> [/usr/lib/llvm-10/lib]
  collapse library dir [/lib] ==> [/lib]
  collapse library dir [/usr/lib] ==> [/usr/lib]
  implicit libs: [gcc;gcc_s;c;gcc;gcc_s]
  implicit dirs: [/usr/lib/gcc/x86_64-linux-gnu/9;/usr/lib/x86_64-linux-gnu;/usr/lib64;/lib/x86_64-linux-gnu;/lib64;/usr/lib;/usr/lib/llvm-10/lib;/lib]
  implicit fwks: []


Determining if the CXX compiler works passed with the following output:
Change Dir: /home/andyvand/Downloads/libdispatch/CMakeFiles/CMakeTmp

Run Build Command(s):/usr/bin/make cmTC_a4237/fast && /usr/bin/make -f CMakeFiles/cmTC_a4237.dir/build.make CMakeFiles/cmTC_a4237.dir/build
make[1]: Entering directory '/home/andyvand/Downloads/libdispatch/CMakeFiles/CMakeTmp'
Building CXX object CMakeFiles/cmTC_a4237.dir/testCXXCompiler.cxx.o
/usr/bin/clang++     -o CMakeFiles/cmTC_a4237.dir/testCXXCompiler.cxx.o -c /home/andyvand/Downloads/libdispatch/CMakeFiles/CMakeTmp/testCXXCompiler.cxx
Linking CXX executable cmTC_a4237
/usr/bin/cmake -E cmake_link_script CMakeFiles/cmTC_a4237.dir/link.txt --verbose=1
/usr/bin/clang++       -rdynamic CMakeFiles/cmTC_a4237.dir/testCXXCompiler.cxx.o  -o cmTC_a4237 
make[1]: Leaving directory '/home/andyvand/Downloads/libdispatch/CMakeFiles/CMakeTmp'



Detecting CXX compiler ABI info compiled with the following output:
Change Dir: /home/andyvand/Downloads/libdispatch/CMakeFiles/CMakeTmp

Run Build Command(s):/usr/bin/make cmTC_75d0e/fast && /usr/bin/make -f CMakeFiles/cmTC_75d0e.dir/build.make CMakeFiles/cmTC_75d0e.dir/build
make[1]: Entering directory '/home/andyvand/Downloads/libdispatch/CMakeFiles/CMakeTmp'
Building CXX object CMakeFiles/cmTC_75d0e.dir/CMakeCXXCompilerABI.cpp.o
/usr/bin/clang++    -v -o CMakeFiles/cmTC_75d0e.dir/CMakeCXXCompilerABI.cpp.o -c /usr/share/cmake-3.16/Modules/CMakeCXXCompilerABI.cpp
clang version 10.0.0-4ubuntu1 
Target: x86_64-pc-linux-gnu
Thread model: posix
InstalledDir: /usr/bin
Found candidate GCC installation: /usr/bin/../lib/gcc/x86_64-linux-gnu/9
Found candidate GCC installation: /usr/lib/gcc/x86_64-linux-gnu/9
Selected GCC installation: /usr/bin/../lib/gcc/x86_64-linux-gnu/9
Candidate multilib: .;@m64
Selected multilib: .;@m64
 (in-process)
 "/usr/lib/llvm-10/bin/clang" -cc1 -triple x86_64-pc-linux-gnu -emit-obj -mrelax-all -disable-free -disable-llvm-verifier -discard-value-names -main-file-name CMakeCXXCompilerABI.cpp -mrelocation-model static -mthread-model posix -mframe-pointer=all -fmath-errno -fno-rounding-math -masm-verbose -mconstructor-aliases -munwind-tables -target-cpu x86-64 -dwarf-column-info -fno-split-dwarf-inlining -debugger-tuning=gdb -v -resource-dir /usr/lib/llvm-10/lib/clang/10.0.0 -internal-isystem /usr/bin/../lib/gcc/x86_64-linux-gnu/9/../../../../include/c++/9 -internal-isystem /usr/bin/../lib/gcc/x86_64-linux-gnu/9/../../../../include/x86_64-linux-gnu/c++/9 -internal-isystem /usr/bin/../lib/gcc/x86_64-linux-gnu/9/../../../../include/x86_64-linux-gnu/c++/9 -internal-isystem /usr/bin/../lib/gcc/x86_64-linux-gnu/9/../../../../include/c++/9/backward -internal-isystem /usr/local/include -internal-isystem /usr/lib/llvm-10/lib/clang/10.0.0/include -internal-externc-isystem /usr/include/x86_64-linux-gnu -internal-externc-isystem /include -internal-externc-isystem /usr/include -fdeprecated-macro -fdebug-compilation-dir /home/andyvand/Downloads/libdispatch/CMakeFiles/CMakeTmp -ferror-limit 19 -fmessage-length 0 -fgnuc-version=4.2.1 -fobjc-runtime=gcc -fcxx-exceptions -fexceptions -fdiagnostics-show-option -faddrsig -o CMakeFiles/cmTC_75d0e.dir/CMakeCXXCompilerABI.cpp.o -x c++ /usr/share/cmake-3.16/Modules/CMakeCXXCompilerABI.cpp
clang -cc1 version 10.0.0 based upon LLVM 10.0.0 default target x86_64-pc-linux-gnu
ignoring nonexistent directory "/include"
ignoring duplicate directory "/usr/bin/../lib/gcc/x86_64-linux-gnu/9/../../../../include/x86_64-linux-gnu/c++/9"
#include "..." search starts here:
#include <...> search starts here:
 /usr/bin/../lib/gcc/x86_64-linux-gnu/9/../../../../include/c++/9
 /usr/bin/../lib/gcc/x86_64-linux-gnu/9/../../../../include/x86_64-linux-gnu/c++/9
 /usr/bin/../lib/gcc/x86_64-linux-gnu/9/../../../../include/c++/9/backward
 /usr/local/include
 /usr/lib/llvm-10/lib/clang/10.0.0/include
 /usr/include/x86_64-linux-gnu
 /usr/include
End of search list.
Linking CXX executable cmTC_75d0e
/usr/bin/cmake -E cmake_link_script CMakeFiles/cmTC_75d0e.dir/link.txt --verbose=1
/usr/bin/clang++      -v -rdynamic CMakeFiles/cmTC_75d0e.dir/CMakeCXXCompilerABI.cpp.o  -o cmTC_75d0e 
clang version 10.0.0-4ubuntu1 
Target: x86_64-pc-linux-gnu
Thread model: posix
InstalledDir: /usr/bin
Found candidate GCC installation: /usr/bin/../lib/gcc/x86_64-linux-gnu/9
Found candidate GCC installation: /usr/lib/gcc/x86_64-linux-gnu/9
Selected GCC installation: /usr/bin/../lib/gcc/x86_64-linux-gnu/9
Candidate multilib: .;@m64
Selected multilib: .;@m64
 "/usr/bin/ld" -export-dynamic -z relro --hash-style=gnu --build-id --eh-frame-hdr -m elf_x86_64 -export-dynamic -dynamic-linker /lib64/ld-linux-x86-64.so.2 -o cmTC_75d0e /usr/bin/../lib/gcc/x86_64-linux-gnu/9/../../../x86_64-linux-gnu/crt1.o /usr/bin/../lib/gcc/x86_64-linux-gnu/9/../../../x86_64-linux-gnu/crti.o /usr/bin/../lib/gcc/x86_64-linux-gnu/9/crtbegin.o -L/usr/bin/../lib/gcc/x86_64-linux-gnu/9 -L/usr/bin/../lib/gcc/x86_64-linux-gnu/9/../../../x86_64-linux-gnu -L/usr/bin/../lib/gcc/x86_64-linux-gnu/9/../../../../lib64 -L/lib/x86_64-linux-gnu -L/lib/../lib64 -L/usr/lib/x86_64-linux-gnu -L/usr/lib/../lib64 -L/usr/lib/x86_64-linux-gnu/../../lib64 -L/usr/bin/../lib/gcc/x86_64-linux-gnu/9/../../.. -L/usr/lib/llvm-10/bin/../lib -L/lib -L/usr/lib CMakeFiles/cmTC_75d0e.dir/CMakeCXXCompilerABI.cpp.o -lstdc++ -lm -lgcc_s -lgcc -lc -lgcc_s -lgcc /usr/bin/../lib/gcc/x86_64-linux-gnu/9/crtend.o /usr/bin/../lib/gcc/x86_64-linux-gnu/9/../../../x86_64-linux-gnu/crtn.o
make[1]: Leaving directory '/home/andyvand/Downloads/libdispatch/CMakeFiles/CMakeTmp'



Parsed CXX implicit include dir info from above output: rv=done
  found start of include info
  found start of implicit include info
    add: [/usr/bin/../lib/gcc/x86_64-linux-gnu/9/../../../../include/c++/9]
    add: [/usr/bin/../lib/gcc/x86_64-linux-gnu/9/../../../../include/x86_64-linux-gnu/c++/9]
    add: [/usr/bin/../lib/gcc/x86_64-linux-gnu/9/../../../../include/c++/9/backward]
    add: [/usr/local/include]
    add: [/usr/lib/llvm-10/lib/clang/10.0.0/include]
    add: [/usr/include/x86_64-linux-gnu]
    add: [/usr/include]
  end of search list found
  collapse include dir [/usr/bin/../lib/gcc/x86_64-linux-gnu/9/../../../../include/c++/9] ==> [/usr/include/c++/9]
  collapse include dir [/usr/bin/../lib/gcc/x86_64-linux-gnu/9/../../../../include/x86_64-linux-gnu/c++/9] ==> [/usr/include/x86_64-linux-gnu/c++/9]
  collapse include dir [/usr/bin/../lib/gcc/x86_64-linux-gnu/9/../../../../include/c++/9/backward] ==> [/usr/include/c++/9/backward]
  collapse include dir [/usr/local/include] ==> [/usr/local/include]
  collapse include dir [/usr/lib/llvm-10/lib/clang/10.0.0/include] ==> [/usr/lib/llvm-10/lib/clang/10.0.0/include]
  collapse include dir [/usr/include/x86_64-linux-gnu] ==> [/usr/include/x86_64-linux-gnu]
  collapse include dir [/usr/include] ==> [/usr/include]
  implicit include dirs: [/usr/include/c++/9;/usr/include/x86_64-linux-gnu/c++/9;/usr/include/c++/9/backward;/usr/local/include;/usr/lib/llvm-10/lib/clang/10.0.0/include;/usr/include/x86_64-linux-gnu;/usr/include]


Parsed CXX implicit link information from above output:
  link line regex: [^( *|.*[/\])(ld|CMAKE_LINK_STARTFILE-NOTFOUND|([^/\]+-)?ld|collect2)[^/\]*( |$)]
  ignore line: [Change Dir: /home/andyvand/Downloads/libdispatch/CMakeFiles/CMakeTmp]
  ignore line: []
  ignore line: [Run Build Command(s):/usr/bin/make cmTC_75d0e/fast && /usr/bin/make -f CMakeFiles/cmTC_75d0e.dir/build.make CMakeFiles/cmTC_75d0e.dir/build]
  ignore line: [make[1]: Entering directory '/home/andyvand/Downloads/libdispatch/CMakeFiles/CMakeTmp']
  ignore line: [Building CXX object CMakeFiles/cmTC_75d0e.dir/CMakeCXXCompilerABI.cpp.o]
  ignore line: [/usr/bin/clang++    -v -o CMakeFiles/cmTC_75d0e.dir/CMakeCXXCompilerABI.cpp.o -c /usr/share/cmake-3.16/Modules/CMakeCXXCompilerABI.cpp]
  ignore line: [clang version 10.0.0-4ubuntu1 ]
  ignore line: [Target: x86_64-pc-linux-gnu]
  ignore line: [Thread model: posix]
  ignore line: [InstalledDir: /usr/bin]
  ignore line: [Found candidate GCC installation: /usr/bin/../lib/gcc/x86_64-linux-gnu/9]
  ignore line: [Found candidate GCC installation: /usr/lib/gcc/x86_64-linux-gnu/9]
  ignore line: [Selected GCC installation: /usr/bin/../lib/gcc/x86_64-linux-gnu/9]
  ignore line: [Candidate multilib: .]
  ignore line: [@m64]
  ignore line: [Selected multilib: .]
  ignore line: [@m64]
  ignore line: [ (in-process)]
  ignore line: [ "/usr/lib/llvm-10/bin/clang" -cc1 -triple x86_64-pc-linux-gnu -emit-obj -mrelax-all -disable-free -disable-llvm-verifier -discard-value-names -main-file-name CMakeCXXCompilerABI.cpp -mrelocation-model static -mthread-model posix -mframe-pointer=all -fmath-errno -fno-rounding-math -masm-verbose -mconstructor-aliases -munwind-tables -target-cpu x86-64 -dwarf-column-info -fno-split-dwarf-inlining -debugger-tuning=gdb -v -resource-dir /usr/lib/llvm-10/lib/clang/10.0.0 -internal-isystem /usr/bin/../lib/gcc/x86_64-linux-gnu/9/../../../../include/c++/9 -internal-isystem /usr/bin/../lib/gcc/x86_64-linux-gnu/9/../../../../include/x86_64-linux-gnu/c++/9 -internal-isystem /usr/bin/../lib/gcc/x86_64-linux-gnu/9/../../../../include/x86_64-linux-gnu/c++/9 -internal-isystem /usr/bin/../lib/gcc/x86_64-linux-gnu/9/../../../../include/c++/9/backward -internal-isystem /usr/local/include -internal-isystem /usr/lib/llvm-10/lib/clang/10.0.0/include -internal-externc-isystem /usr/include/x86_64-linux-gnu -internal-externc-isystem /include -internal-externc-isystem /usr/include -fdeprecated-macro -fdebug-compilation-dir /home/andyvand/Downloads/libdispatch/CMakeFiles/CMakeTmp -ferror-limit 19 -fmessage-length 0 -fgnuc-version=4.2.1 -fobjc-runtime=gcc -fcxx-exceptions -fexceptions -fdiagnostics-show-option -faddrsig -o CMakeFiles/cmTC_75d0e.dir/CMakeCXXCompilerABI.cpp.o -x c++ /usr/share/cmake-3.16/Modules/CMakeCXXCompilerABI.cpp]
  ignore line: [clang -cc1 version 10.0.0 based upon LLVM 10.0.0 default target x86_64-pc-linux-gnu]
  ignore line: [ignoring nonexistent directory "/include"]
  ignore line: [ignoring duplicate directory "/usr/bin/../lib/gcc/x86_64-linux-gnu/9/../../../../include/x86_64-linux-gnu/c++/9"]
  ignore line: [#include "..." search starts here:]
  ignore line: [#include <...> search starts here:]
  ignore line: [ /usr/bin/../lib/gcc/x86_64-linux-gnu/9/../../../../include/c++/9]
  ignore line: [ /usr/bin/../lib/gcc/x86_64-linux-gnu/9/../../../../include/x86_64-linux-gnu/c++/9]
  ignore line: [ /usr/bin/../lib/gcc/x86_64-linux-gnu/9/../../../../include/c++/9/backward]
  ignore line: [ /usr/local/include]
  ignore line: [ /usr/lib/llvm-10/lib/clang/10.0.0/include]
  ignore line: [ /usr/include/x86_64-linux-gnu]
  ignore line: [ /usr/include]
  ignore line: [End of search list.]
  ignore line: [Linking CXX executable cmTC_75d0e]
  ignore line: [/usr/bin/cmake -E cmake_link_script CMakeFiles/cmTC_75d0e.dir/link.txt --verbose=1]
  ignore line: [/usr/bin/clang++      -v -rdynamic CMakeFiles/cmTC_75d0e.dir/CMakeCXXCompilerABI.cpp.o  -o cmTC_75d0e ]
  ignore line: [clang version 10.0.0-4ubuntu1 ]
  ignore line: [Target: x86_64-pc-linux-gnu]
  ignore line: [Thread model: posix]
  ignore line: [InstalledDir: /usr/bin]
  ignore line: [Found candidate GCC installation: /usr/bin/../lib/gcc/x86_64-linux-gnu/9]
  ignore line: [Found candidate GCC installation: /usr/lib/gcc/x86_64-linux-gnu/9]
  ignore line: [Selected GCC installation: /usr/bin/../lib/gcc/x86_64-linux-gnu/9]
  ignore line: [Candidate multilib: .]
  ignore line: [@m64]
  ignore line: [Selected multilib: .]
  ignore line: [@m64]
  link line: [ "/usr/bin/ld" -export-dynamic -z relro --hash-style=gnu --build-id --eh-frame-hdr -m elf_x86_64 -export-dynamic -dynamic-linker /lib64/ld-linux-x86-64.so.2 -o cmTC_75d0e /usr/bin/../lib/gcc/x86_64-linux-gnu/9/../../../x86_64-linux-gnu/crt1.o /usr/bin/../lib/gcc/x86_64-linux-gnu/9/../../../x86_64-linux-gnu/crti.o /usr/bin/../lib/gcc/x86_64-linux-gnu/9/crtbegin.o -L/usr/bin/../lib/gcc/x86_64-linux-gnu/9 -L/usr/bin/../lib/gcc/x86_64-linux-gnu/9/../../../x86_64-linux-gnu -L/usr/bin/../lib/gcc/x86_64-linux-gnu/9/../../../../lib64 -L/lib/x86_64-linux-gnu -L/lib/../lib64 -L/usr/lib/x86_64-linux-gnu -L/usr/lib/../lib64 -L/usr/lib/x86_64-linux-gnu/../../lib64 -L/usr/bin/../lib/gcc/x86_64-linux-gnu/9/../../.. -L/usr/lib/llvm-10/bin/../lib -L/lib -L/usr/lib CMakeFiles/cmTC_75d0e.dir/CMakeCXXCompilerABI.cpp.o -lstdc++ -lm -lgcc_s -lgcc -lc -lgcc_s -lgcc /usr/bin/../lib/gcc/x86_64-linux-gnu/9/crtend.o /usr/bin/../lib/gcc/x86_64-linux-gnu/9/../../../x86_64-linux-gnu/crtn.o]
    arg [/usr/bin/ld] ==> ignore
    arg [-export-dynamic] ==> ignore
    arg [-zrelro] ==> ignore
    arg [--hash-style=gnu] ==> ignore
    arg [--build-id] ==> ignore
    arg [--eh-frame-hdr] ==> ignore
    arg [-m] ==> ignore
    arg [elf_x86_64] ==> ignore
    arg [-export-dynamic] ==> ignore
    arg [-dynamic-linker] ==> ignore
    arg [/lib64/ld-linux-x86-64.so.2] ==> ignore
    arg [-o] ==> ignore
    arg [cmTC_75d0e] ==> ignore
    arg [/usr/bin/../lib/gcc/x86_64-linux-gnu/9/../../../x86_64-linux-gnu/crt1.o] ==> ignore
    arg [/usr/bin/../lib/gcc/x86_64-linux-gnu/9/../../../x86_64-linux-gnu/crti.o] ==> ignore
    arg [/usr/bin/../lib/gcc/x86_64-linux-gnu/9/crtbegin.o] ==> ignore
    arg [-L/usr/bin/../lib/gcc/x86_64-linux-gnu/9] ==> dir [/usr/bin/../lib/gcc/x86_64-linux-gnu/9]
    arg [-L/usr/bin/../lib/gcc/x86_64-linux-gnu/9/../../../x86_64-linux-gnu] ==> dir [/usr/bin/../lib/gcc/x86_64-linux-gnu/9/../../../x86_64-linux-gnu]
    arg [-L/usr/bin/../lib/gcc/x86_64-linux-gnu/9/../../../../lib64] ==> dir [/usr/bin/../lib/gcc/x86_64-linux-gnu/9/../../../../lib64]
    arg [-L/lib/x86_64-linux-gnu] ==> dir [/lib/x86_64-linux-gnu]
    arg [-L/lib/../lib64] ==> dir [/lib/../lib64]
    arg [-L/usr/lib/x86_64-linux-gnu] ==> dir [/usr/lib/x86_64-linux-gnu]
    arg [-L/usr/lib/../lib64] ==> dir [/usr/lib/../lib64]
    arg [-L/usr/lib/x86_64-linux-gnu/../../lib64] ==> dir [/usr/lib/x86_64-linux-gnu/../../lib64]
    arg [-L/usr/bin/../lib/gcc/x86_64-linux-gnu/9/../../..] ==> dir [/usr/bin/../lib/gcc/x86_64-linux-gnu/9/../../..]
    arg [-L/usr/lib/llvm-10/bin/../lib] ==> dir [/usr/lib/llvm-10/bin/../lib]
    arg [-L/lib] ==> dir [/lib]
    arg [-L/usr/lib] ==> dir [/usr/lib]
    arg [CMakeFiles/cmTC_75d0e.dir/CMakeCXXCompilerABI.cpp.o] ==> ignore
    arg [-lstdc++] ==> lib [stdc++]
    arg [-lm] ==> lib [m]
    arg [-lgcc_s] ==> lib [gcc_s]
    arg [-lgcc] ==> lib [gcc]
    arg [-lc] ==> lib [c]
    arg [-lgcc_s] ==> lib [gcc_s]
    arg [-lgcc] ==> lib [gcc]
    arg [/usr/bin/../lib/gcc/x86_64-linux-gnu/9/crtend.o] ==> ignore
    arg [/usr/bin/../lib/gcc/x86_64-linux-gnu/9/../../../x86_64-linux-gnu/crtn.o] ==> ignore
  collapse library dir [/usr/bin/../lib/gcc/x86_64-linux-gnu/9] ==> [/usr/lib/gcc/x86_64-linux-gnu/9]
  collapse library dir [/usr/bin/../lib/gcc/x86_64-linux-gnu/9/../../../x86_64-linux-gnu] ==> [/usr/lib/x86_64-linux-gnu]
  collapse library dir [/usr/bin/../lib/gcc/x86_64-linux-gnu/9/../../../../lib64] ==> [/usr/lib64]
  collapse library dir [/lib/x86_64-linux-gnu] ==> [/lib/x86_64-linux-gnu]
  collapse library dir [/lib/../lib64] ==> [/lib64]
  collapse library dir [/usr/lib/x86_64-linux-gnu] ==> [/usr/lib/x86_64-linux-gnu]
  collapse library dir [/usr/lib/../lib64] ==> [/usr/lib64]
  collapse library dir [/usr/lib/x86_64-linux-gnu/../../lib64] ==> [/usr/lib64]
  collapse library dir [/usr/bin/../lib/gcc/x86_64-linux-gnu/9/../../..] ==> [/usr/lib]
  collapse library dir [/usr/lib/llvm-10/bin/../lib] ==> [/usr/lib/llvm-10/lib]
  collapse library dir [/lib] ==> [/lib]
  collapse library dir [/usr/lib] ==> [/usr/lib]
  implicit libs: [stdc++;m;gcc_s;gcc;c;gcc_s;gcc]
  implicit dirs: [/usr/lib/gcc/x86_64-linux-gnu/9;/usr/lib/x86_64-linux-gnu;/usr/lib64;/lib/x86_64-linux-gnu;/lib64;/usr/lib;/usr/lib/llvm-10/lib;/lib]
  implicit fwks: []


Determining if the include file pthread.h exists passed with the following output:
Change Dir: /home/andyvand/Downloads/libdispatch/CMakeFiles/CMakeTmp

Run Build Command(s):/usr/bin/make cmTC_21442/fast && /usr/bin/make -f CMakeFiles/cmTC_21442.dir/build.make CMakeFiles/cmTC_21442.dir/build
make[1]: Entering directory '/home/andyvand/Downloads/libdispatch/CMakeFiles/CMakeTmp'
Building C object CMakeFiles/cmTC_21442.dir/CheckIncludeFile.c.o
/usr/bin/clang   -std=gnu99    -o CMakeFiles/cmTC_21442.dir/CheckIncludeFile.c.o   -c /home/andyvand/Downloads/libdispatch/CMakeFiles/CMakeTmp/CheckIncludeFile.c
Linking C executable cmTC_21442
/usr/bin/cmake -E cmake_link_script CMakeFiles/cmTC_21442.dir/link.txt --verbose=1
/usr/bin/clang  -std=gnu99     -rdynamic CMakeFiles/cmTC_21442.dir/CheckIncludeFile.c.o  -o cmTC_21442 
make[1]: Leaving directory '/home/andyvand/Downloads/libdispatch/CMakeFiles/CMakeTmp'



Determining if the function pthread_create exists in the pthread passed with the following output:
Change Dir: /home/andyvand/Downloads/libdispatch/CMakeFiles/CMakeTmp

Run Build Command(s):/usr/bin/make cmTC_e01b8/fast && /usr/bin/make -f CMakeFiles/cmTC_e01b8.dir/build.make CMakeFiles/cmTC_e01b8.dir/build
make[1]: Entering directory '/home/andyvand/Downloads/libdispatch/CMakeFiles/CMakeTmp'
Building C object CMakeFiles/cmTC_e01b8.dir/CheckFunctionExists.c.o
/usr/bin/clang   -std=gnu99 -DCHECK_FUNCTION_EXISTS=pthread_create   -o CMakeFiles/cmTC_e01b8.dir/CheckFunctionExists.c.o   -c /usr/share/cmake-3.16/Modules/CheckFunctionExists.c
Linking C executable cmTC_e01b8
/usr/bin/cmake -E cmake_link_script CMakeFiles/cmTC_e01b8.dir/link.txt --verbose=1
/usr/bin/clang  -std=gnu99 -DCHECK_FUNCTION_EXISTS=pthread_create    -rdynamic CMakeFiles/cmTC_e01b8.dir/CheckFunctionExists.c.o  -o cmTC_e01b8  -lpthread 
make[1]: Leaving directory '/home/andyvand/Downloads/libdispatch/CMakeFiles/CMakeTmp'



Performing C SOURCE FILE Test COMPILER_HAS_BLOCKS_SUPPORT succeeded with the following output:
Change Dir: /home/andyvand/Downloads/libdispatch/CMakeFiles/CMakeTmp

Run Build Command(s):/usr/bin/make cmTC_b68ba/fast && /usr/bin/make -f CMakeFiles/cmTC_b68ba.dir/build.make CMakeFiles/cmTC_b68ba.dir/build
make[1]: Entering directory '/home/andyvand/Downloads/libdispatch/CMakeFiles/CMakeTmp'
Building C object CMakeFiles/cmTC_b68ba.dir/src.c.o
/usr/bin/clang   -std=gnu99 -DCOMPILER_HAS_BLOCKS_SUPPORT   -fblocks -o CMakeFiles/cmTC_b68ba.dir/src.c.o   -c /home/andyvand/Downloads/libdispatch/CMakeFiles/CMakeTmp/src.c
Linking C executable cmTC_b68ba
/usr/bin/cmake -E cmake_link_script CMakeFiles/cmTC_b68ba.dir/link.txt --verbose=1
/usr/bin/clang  -std=gnu99 -DCOMPILER_HAS_BLOCKS_SUPPORT    -rdynamic CMakeFiles/cmTC_b68ba.dir/src.c.o  -o cmTC_b68ba 
make[1]: Leaving directory '/home/andyvand/Downloads/libdispatch/CMakeFiles/CMakeTmp'


Source file was:
int main(void) { return 0; }
Performing C SOURCE FILE Test SUPPORTS_MOMIT_LEAF_FRAME_POINTER succeeded with the following output:
Change Dir: /home/andyvand/Downloads/libdispatch/CMakeFiles/CMakeTmp

Run Build Command(s):/usr/bin/make cmTC_4eeea/fast && /usr/bin/make -f CMakeFiles/cmTC_4eeea.dir/build.make CMakeFiles/cmTC_4eeea.dir/build
make[1]: Entering directory '/home/andyvand/Downloads/libdispatch/CMakeFiles/CMakeTmp'
Building C object CMakeFiles/cmTC_4eeea.dir/src.c.o
/usr/bin/clang   -std=gnu99 -DSUPPORTS_MOMIT_LEAF_FRAME_POINTER   -momit-leaf-frame-pointer -o CMakeFiles/cmTC_4eeea.dir/src.c.o   -c /home/andyvand/Downloads/libdispatch/CMakeFiles/CMakeTmp/src.c
Linking C executable cmTC_4eeea
/usr/bin/cmake -E cmake_link_script CMakeFiles/cmTC_4eeea.dir/link.txt --verbose=1
/usr/bin/clang  -std=gnu99 -DSUPPORTS_MOMIT_LEAF_FRAME_POINTER    -rdynamic CMakeFiles/cmTC_4eeea.dir/src.c.o  -o cmTC_4eeea 
make[1]: Leaving directory '/home/andyvand/Downloads/libdispatch/CMakeFiles/CMakeTmp'


Source file was:
int main(void) { return 0; }
Determining if the CLOCK_MONOTONIC exist passed with the following output:
Change Dir: /home/andyvand/Downloads/libdispatch/CMakeFiles/CMakeTmp

Run Build Command(s):/usr/bin/make cmTC_5fa28/fast && /usr/bin/make -f CMakeFiles/cmTC_5fa28.dir/build.make CMakeFiles/cmTC_5fa28.dir/build
make[1]: Entering directory '/home/andyvand/Downloads/libdispatch/CMakeFiles/CMakeTmp'
Building C object CMakeFiles/cmTC_5fa28.dir/CheckSymbolExists.c.o
/usr/bin/clang   -std=gnu99    -o CMakeFiles/cmTC_5fa28.dir/CheckSymbolExists.c.o   -c /home/andyvand/Downloads/libdispatch/CMakeFiles/CMakeTmp/CheckSymbolExists.c
Linking C executable cmTC_5fa28
/usr/bin/cmake -E cmake_link_script CMakeFiles/cmTC_5fa28.dir/link.txt --verbose=1
/usr/bin/clang  -std=gnu99     -rdynamic CMakeFiles/cmTC_5fa28.dir/CheckSymbolExists.c.o  -o cmTC_5fa28 
make[1]: Leaving directory '/home/andyvand/Downloads/libdispatch/CMakeFiles/CMakeTmp'


File /home/andyvand/Downloads/libdispatch/CMakeFiles/CMakeTmp/CheckSymbolExists.c:
/* */
#include <time.h>

int main(int argc, char** argv)
{
  (void)argv;
#ifndef CLOCK_MONOTONIC
  return ((int*)(&CLOCK_MONOTONIC))[argc];
#else
  (void)argc;
  return 0;
#endif
}
Determining if the program_invocation_short_name exist passed with the following output:
Change Dir: /home/andyvand/Downloads/libdispatch/CMakeFiles/CMakeTmp

Run Build Command(s):/usr/bin/make cmTC_3843a/fast && /usr/bin/make -f CMakeFiles/cmTC_3843a.dir/build.make CMakeFiles/cmTC_3843a.dir/build
make[1]: Entering directory '/home/andyvand/Downloads/libdispatch/CMakeFiles/CMakeTmp'
Building C object CMakeFiles/cmTC_3843a.dir/CheckSymbolExists.c.o
/usr/bin/clang -D_GNU_SOURCE  -std=gnu99    -o CMakeFiles/cmTC_3843a.dir/CheckSymbolExists.c.o   -c /home/andyvand/Downloads/libdispatch/CMakeFiles/CMakeTmp/CheckSymbolExists.c
Linking C executable cmTC_3843a
/usr/bin/cmake -E cmake_link_script CMakeFiles/cmTC_3843a.dir/link.txt --verbose=1
/usr/bin/clang  -std=gnu99     -rdynamic CMakeFiles/cmTC_3843a.dir/CheckSymbolExists.c.o  -o cmTC_3843a 
make[1]: Leaving directory '/home/andyvand/Downloads/libdispatch/CMakeFiles/CMakeTmp'


File /home/andyvand/Downloads/libdispatch/CMakeFiles/CMakeTmp/CheckSymbolExists.c:
/* */
#include <errno.h>

int main(int argc, char** argv)
{
  (void)argv;
#ifndef program_invocation_short_name
  return ((int*)(&program_invocation_short_name))[argc];
#else
  (void)argc;
  return 0;
#endif
}
Determining if the function sysconf exists passed with the following output:
Change Dir: /home/andyvand/Downloads/libdispatch/CMakeFiles/CMakeTmp

Run Build Command(s):/usr/bin/make cmTC_97392/fast && /usr/bin/make -f CMakeFiles/cmTC_97392.dir/build.make CMakeFiles/cmTC_97392.dir/build
make[1]: Entering directory '/home/andyvand/Downloads/libdispatch/CMakeFiles/CMakeTmp'
Building C object CMakeFiles/cmTC_97392.dir/CheckFunctionExists.c.o
/usr/bin/clang   -std=gnu99 -DCHECK_FUNCTION_EXISTS=sysconf   -o CMakeFiles/cmTC_97392.dir/CheckFunctionExists.c.o   -c /usr/share/cmake-3.16/Modules/CheckFunctionExists.c
Linking C executable cmTC_97392
/usr/bin/cmake -E cmake_link_script CMakeFiles/cmTC_97392.dir/link.txt --verbose=1
/usr/bin/clang  -std=gnu99 -DCHECK_FUNCTION_EXISTS=sysconf    -rdynamic CMakeFiles/cmTC_97392.dir/CheckFunctionExists.c.o  -o cmTC_97392 
make[1]: Leaving directory '/home/andyvand/Downloads/libdispatch/CMakeFiles/CMakeTmp'



Determining if the function asprintf exists passed with the following output:
Change Dir: /home/andyvand/Downloads/libdispatch/CMakeFiles/CMakeTmp

Run Build Command(s):/usr/bin/make cmTC_80f34/fast && /usr/bin/make -f CMakeFiles/cmTC_80f34.dir/build.make CMakeFiles/cmTC_80f34.dir/build
make[1]: Entering directory '/home/andyvand/Downloads/libdispatch/CMakeFiles/CMakeTmp'
Building C object CMakeFiles/cmTC_80f34.dir/CheckFunctionExists.c.o
/usr/bin/clang   -std=gnu99 -DCHECK_FUNCTION_EXISTS=asprintf   -o CMakeFiles/cmTC_80f34.dir/CheckFunctionExists.c.o   -c /usr/share/cmake-3.16/Modules/CheckFunctionExists.c
/usr/share/cmake-3.16/Modules/CheckFunctionExists.c:17:25: warning: format string missing [-Wformat]
  CHECK_FUNCTION_EXISTS();
  ~~~~~~~~~~~~~~~~~~~~~ ^
1 warning generated.
Linking C executable cmTC_80f34
/usr/bin/cmake -E cmake_link_script CMakeFiles/cmTC_80f34.dir/link.txt --verbose=1
/usr/bin/clang  -std=gnu99 -DCHECK_FUNCTION_EXISTS=asprintf    -rdynamic CMakeFiles/cmTC_80f34.dir/CheckFunctionExists.c.o  -o cmTC_80f34 
make[1]: Leaving directory '/home/andyvand/Downloads/libdispatch/CMakeFiles/CMakeTmp'



Determining if the include file sys/cdefs.h exists passed with the following output:
Change Dir: /home/andyvand/Downloads/libdispatch/CMakeFiles/CMakeTmp

Run Build Command(s):/usr/bin/make cmTC_6cae3/fast && /usr/bin/make -f CMakeFiles/cmTC_6cae3.dir/build.make CMakeFiles/cmTC_6cae3.dir/build
make[1]: Entering directory '/home/andyvand/Downloads/libdispatch/CMakeFiles/CMakeTmp'
Building C object CMakeFiles/cmTC_6cae3.dir/CheckIncludeFile.c.o
/usr/bin/clang   -std=gnu99    -o CMakeFiles/cmTC_6cae3.dir/CheckIncludeFile.c.o   -c /home/andyvand/Downloads/libdispatch/CMakeFiles/CMakeTmp/CheckIncludeFile.c
Linking C executable cmTC_6cae3
/usr/bin/cmake -E cmake_link_script CMakeFiles/cmTC_6cae3.dir/link.txt --verbose=1
/usr/bin/clang  -std=gnu99     -rdynamic CMakeFiles/cmTC_6cae3.dir/CheckIncludeFile.c.o  -o cmTC_6cae3 
make[1]: Leaving directory '/home/andyvand/Downloads/libdispatch/CMakeFiles/CMakeTmp'



Determining if the include file unistd.h exists passed with the following output:
Change Dir: /home/andyvand/Downloads/libdispatch/CMakeFiles/CMakeTmp

Run Build Command(s):/usr/bin/make cmTC_9f3ac/fast && /usr/bin/make -f CMakeFiles/cmTC_9f3ac.dir/build.make CMakeFiles/cmTC_9f3ac.dir/build
make[1]: Entering directory '/home/andyvand/Downloads/libdispatch/CMakeFiles/CMakeTmp'
Building C object CMakeFiles/cmTC_9f3ac.dir/CheckIncludeFile.c.o
/usr/bin/clang   -std=gnu99    -o CMakeFiles/cmTC_9f3ac.dir/CheckIncludeFile.c.o   -c /home/andyvand/Downloads/libdispatch/CMakeFiles/CMakeTmp/CheckIncludeFile.c
Linking C executable cmTC_9f3ac
/usr/bin/cmake -E cmake_link_script CMakeFiles/cmTC_9f3ac.dir/link.txt --verbose=1
/usr/bin/clang  -std=gnu99     -rdynamic CMakeFiles/cmTC_9f3ac.dir/CheckIncludeFile.c.o  -o cmTC_9f3ac 
make[1]: Leaving directory '/home/andyvand/Downloads/libdispatch/CMakeFiles/CMakeTmp'



Performing C SOURCE FILE Test HAS_WORKING_UNISTD_H succeeded with the following output:
Change Dir: /home/andyvand/Downloads/libdispatch/CMakeFiles/CMakeTmp

Run Build Command(s):/usr/bin/make cmTC_59479/fast && /usr/bin/make -f CMakeFiles/cmTC_59479.dir/build.make CMakeFiles/cmTC_59479.dir/build
make[1]: Entering directory '/home/andyvand/Downloads/libdispatch/CMakeFiles/CMakeTmp'
Building C object CMakeFiles/cmTC_59479.dir/src.c.o
/usr/bin/clang -D_GNU_SOURCE  -std=gnu99 -DHAS_WORKING_UNISTD_H -fblocks   -o CMakeFiles/cmTC_59479.dir/src.c.o   -c /home/andyvand/Downloads/libdispatch/CMakeFiles/CMakeTmp/src.c
Linking C executable cmTC_59479
/usr/bin/cmake -E cmake_link_script CMakeFiles/cmTC_59479.dir/link.txt --verbose=1
/usr/bin/clang  -std=gnu99 -DHAS_WORKING_UNISTD_H -fblocks    -rdynamic CMakeFiles/cmTC_59479.dir/src.c.o  -o cmTC_59479 
make[1]: Leaving directory '/home/andyvand/Downloads/libdispatch/CMakeFiles/CMakeTmp'


Source file was:
#include <unistd.h>
int main(){}
